2021-06-04 19:34:37.319  INFO 7471 --- [restartedMain] c.i.u.UploadExample2Application          : Starting UploadExample2Application using Java 15.0.2 on montekrista-Vostro-15-3568 with PID 7471 (/home/montekrista/Documents/workspace-spring-tool-suite-4-4.10.0.RELEASE/upload_example-2/target/classes started by montekrista in /home/montekrista/Documents/workspace-spring-tool-suite-4-4.10.0.RELEASE/upload_example-2)
2021-06-04 19:34:37.320  INFO 7471 --- [restartedMain] c.i.u.UploadExample2Application          : No active profile set, falling back to default profiles: default
2021-06-04 19:34:38.686  INFO 7471 --- [restartedMain] o.s.b.w.embedded.tomcat.TomcatWebServer  : Tomcat initialized with port(s): 8080 (http)
2021-06-04 19:34:38.705  INFO 7471 --- [restartedMain] o.apache.catalina.core.StandardService   : Starting service [Tomcat]
2021-06-04 19:34:38.705  INFO 7471 --- [restartedMain] org.apache.catalina.core.StandardEngine  : Starting Servlet engine: [Apache Tomcat/9.0.46]
2021-06-04 19:34:38.750  INFO 7471 --- [restartedMain] o.a.c.c.C.[Tomcat].[localhost].[/]       : Initializing Spring embedded WebApplicationContext
2021-06-04 19:34:38.751  INFO 7471 --- [restartedMain] w.s.c.ServletWebServerApplicationContext : Root WebApplicationContext: initialization completed in 1429 ms
2021-06-04 19:34:39.251  INFO 7471 --- [restartedMain] o.s.b.d.a.OptionalLiveReloadServer       : LiveReload server is running on port 35729
2021-06-04 19:34:39.303  INFO 7471 --- [restartedMain] o.s.b.w.embedded.tomcat.TomcatWebServer  : Tomcat started on port(s): 8080 (http) with context path ''
2021-06-04 19:34:39.331  INFO 7471 --- [restartedMain] c.i.u.UploadExample2Application          : Started UploadExample2Application in 2.483 seconds (JVM running for 206.923)
2021-06-04 19:34:39.344  INFO 7471 --- [restartedMain] o.s.b.a.ApplicationAvailabilityBean      : Application availability state LivenessState changed to CORRECT
2021-06-04 19:34:39.346  INFO 7471 --- [restartedMain] .ConditionEvaluationDeltaLoggingListener : Condition evaluation unchanged
2021-06-04 19:34:39.347  INFO 7471 --- [restartedMain] o.s.b.a.ApplicationAvailabilityBean      : Application availability state ReadinessState changed to ACCEPTING_TRAFFIC
2021-06-04 19:37:32.025  INFO 7471 --- [RMI TCP Connection(19)-127.0.0.1] inMXBeanRegistrar$SpringApplicationAdmin : Application shutdown requested.
2021-06-04 19:37:32.027  INFO 7471 --- [RMI TCP Connection(19)-127.0.0.1] o.s.b.a.ApplicationAvailabilityBean      : Application availability state ReadinessState changed from ACCEPTING_TRAFFIC to REFUSING_TRAFFIC
2021-06-04 19:37:51.133  INFO 7783 --- [restartedMain] c.i.u.UploadExample2Application          : Starting UploadExample2Application using Java 15.0.2 on montekrista-Vostro-15-3568 with PID 7783 (/home/montekrista/Documents/workspace-spring-tool-suite-4-4.10.0.RELEASE/upload_example-2/target/classes started by montekrista in /home/montekrista/Documents/workspace-spring-tool-suite-4-4.10.0.RELEASE/upload_example-2)
2021-06-04 19:37:51.336  INFO 7783 --- [restartedMain] c.i.u.UploadExample2Application          : No active profile set, falling back to default profiles: default
2021-06-04 19:37:52.120  INFO 7783 --- [restartedMain] .e.DevToolsPropertyDefaultsPostProcessor : Devtools property defaults active! Set 'spring.devtools.add-properties' to 'false' to disable
2021-06-04 19:37:52.138  INFO 7783 --- [restartedMain] .e.DevToolsPropertyDefaultsPostProcessor : For additional web related logging consider setting the 'logging.level.web' property to 'DEBUG'
2021-06-04 19:37:57.552  INFO 7783 --- [restartedMain] o.s.b.w.e.t.TomcatWebServer              : Tomcat initialized with port(s): 8080 (http)
2021-06-04 19:37:57.853  INFO 7783 --- [restartedMain] o.a.c.c.StandardService                  : Starting service [Tomcat]
2021-06-04 19:37:57.861  INFO 7783 --- [restartedMain] o.a.c.c.StandardEngine                   : Starting Servlet engine: [Apache Tomcat/9.0.46]
2021-06-04 19:37:58.958  INFO 7783 --- [restartedMain] o.a.c.c.C.[.[.[/]                        : Initializing Spring embedded WebApplicationContext
2021-06-04 19:37:58.968  INFO 7783 --- [restartedMain] w.s.c.ServletWebServerApplicationContext : Root WebApplicationContext: initialization completed in 6821 ms
2021-06-04 19:38:04.674  INFO 7783 --- [restartedMain] o.s.b.d.a.OptionalLiveReloadServer       : LiveReload server is running on port 35729
2021-06-04 19:38:05.038  INFO 7783 --- [restartedMain] o.s.b.w.e.t.TomcatWebServer              : Tomcat started on port(s): 8080 (http) with context path ''
2021-06-04 19:38:05.172  INFO 7783 --- [restartedMain] c.i.u.UploadExample2Application          : Started UploadExample2Application in 17.364 seconds (JVM running for 27.242)
2021-06-04 19:38:05.187  INFO 7783 --- [restartedMain] o.s.b.a.ApplicationAvailabilityBean      : Application availability state LivenessState changed to CORRECT
2021-06-04 19:38:05.204  INFO 7783 --- [restartedMain] o.s.b.a.ApplicationAvailabilityBean      : Application availability state ReadinessState changed to ACCEPTING_TRAFFIC
2021-06-04 19:38:10.317  INFO 7833 --- [restartedMain] c.i.u.UploadExample2Application          : Starting UploadExample2Application using Java 15.0.2 on montekrista-Vostro-15-3568 with PID 7833 (/home/montekrista/Documents/workspace-spring-tool-suite-4-4.10.0.RELEASE/upload_example-2/target/classes started by montekrista in /home/montekrista/Documents/workspace-spring-tool-suite-4-4.10.0.RELEASE/upload_example-2)
2021-06-04 19:38:10.330  INFO 7833 --- [restartedMain] c.i.u.UploadExample2Application          : No active profile set, falling back to default profiles: default
2021-06-04 19:38:10.659  INFO 7833 --- [restartedMain] .e.DevToolsPropertyDefaultsPostProcessor : Devtools property defaults active! Set 'spring.devtools.add-properties' to 'false' to disable
2021-06-04 19:38:10.660  INFO 7833 --- [restartedMain] .e.DevToolsPropertyDefaultsPostProcessor : For additional web related logging consider setting the 'logging.level.web' property to 'DEBUG'
2021-06-04 19:38:15.196  INFO 7833 --- [restartedMain] o.s.b.w.e.t.TomcatWebServer              : Tomcat initialized with port(s): 8080 (http)
2021-06-04 19:38:15.264  INFO 7833 --- [restartedMain] o.a.c.c.StandardService                  : Starting service [Tomcat]
2021-06-04 19:38:15.266  INFO 7833 --- [restartedMain] o.a.c.c.StandardEngine                   : Starting Servlet engine: [Apache Tomcat/9.0.46]
2021-06-04 19:38:15.416  INFO 7833 --- [restartedMain] o.a.c.c.C.[.[.[/]                        : Initializing Spring embedded WebApplicationContext
2021-06-04 19:38:15.447  INFO 7833 --- [restartedMain] w.s.c.ServletWebServerApplicationContext : Root WebApplicationContext: initialization completed in 4783 ms
2021-06-04 19:38:17.685  WARN 7833 --- [restartedMain] o.s.b.d.a.OptionalLiveReloadServer       : Unable to start LiveReload server
2021-06-04 19:38:17.793  WARN 7833 --- [restartedMain] ConfigServletWebServerApplicationContext : Exception encountered during context initialization - cancelling refresh attempt: org.springframework.context.ApplicationContextException: Failed to start bean 'webServerStartStop'; nested exception is org.springframework.boot.web.server.PortInUseException: Port 8080 is already in use
2021-06-04 19:38:17.843  INFO 7833 --- [restartedMain] o.a.c.c.StandardService                  : Stopping service [Tomcat]
2021-06-04 19:38:18.015  INFO 7833 --- [restartedMain] ConditionEvaluationReportLoggingListener : 

Error starting ApplicationContext. To display the conditions report re-run your application with 'debug' enabled.
2021-06-04 19:38:18.251 ERROR 7833 --- [restartedMain] o.s.b.d.LoggingFailureAnalysisReporter   : 

***************************
APPLICATION FAILED TO START
***************************

Description:

Web server failed to start. Port 8080 was already in use.

Action:

Identify and stop the process that's listening on port 8080 or configure this application to listen on another port.

2021-06-04 19:39:03.321  INFO 7783 --- [Thread-6] o.s.b.a.ApplicationAvailabilityBean      : Application availability state ReadinessState changed from ACCEPTING_TRAFFIC to REFUSING_TRAFFIC
2021-06-04 19:39:04.285  INFO 7783 --- [restartedMain] c.i.u.UploadExample2Application          : Starting UploadExample2Application using Java 15.0.2 on montekrista-Vostro-15-3568 with PID 7783 (/home/montekrista/Documents/workspace-spring-tool-suite-4-4.10.0.RELEASE/upload_example-2/target/classes started by montekrista in /home/montekrista/Documents/workspace-spring-tool-suite-4-4.10.0.RELEASE/upload_example-2)
2021-06-04 19:39:04.304  INFO 7783 --- [restartedMain] c.i.u.UploadExample2Application          : No active profile set, falling back to default profiles: default
2021-06-04 19:39:06.470  INFO 7783 --- [restartedMain] o.s.b.w.e.t.TomcatWebServer              : Tomcat initialized with port(s): 8090 (http)
2021-06-04 19:39:06.494  INFO 7783 --- [restartedMain] o.a.c.c.StandardService                  : Starting service [Tomcat]
2021-06-04 19:39:06.498  INFO 7783 --- [restartedMain] o.a.c.c.StandardEngine                   : Starting Servlet engine: [Apache Tomcat/9.0.46]
2021-06-04 19:39:06.600  INFO 7783 --- [restartedMain] o.a.c.c.C.[.[.[/]                        : Initializing Spring embedded WebApplicationContext
2021-06-04 19:39:06.602  INFO 7783 --- [restartedMain] w.s.c.ServletWebServerApplicationContext : Root WebApplicationContext: initialization completed in 2266 ms
2021-06-04 19:39:07.433  INFO 7783 --- [restartedMain] o.s.b.d.a.OptionalLiveReloadServer       : LiveReload server is running on port 35729
2021-06-04 19:39:07.588  INFO 7783 --- [restartedMain] o.s.b.w.e.t.TomcatWebServer              : Tomcat started on port(s): 8090 (http) with context path ''
2021-06-04 19:39:07.600  INFO 7783 --- [restartedMain] c.i.u.UploadExample2Application          : Started UploadExample2Application in 3.953 seconds (JVM running for 89.67)
2021-06-04 19:39:07.602  INFO 7783 --- [restartedMain] o.s.b.a.ApplicationAvailabilityBean      : Application availability state LivenessState changed to CORRECT
2021-06-04 19:39:07.636  INFO 7783 --- [restartedMain] .ConditionEvaluationDeltaLoggingListener : Condition evaluation unchanged
2021-06-04 19:39:07.644  INFO 7783 --- [restartedMain] o.s.b.a.ApplicationAvailabilityBean      : Application availability state ReadinessState changed to ACCEPTING_TRAFFIC
2021-06-04 19:39:16.279  INFO 7783 --- [RMI TCP Connection(13)-127.0.0.1] inMXBeanRegistrar$SpringApplicationAdmin : Application shutdown requested.
2021-06-04 19:39:16.280  INFO 7783 --- [RMI TCP Connection(13)-127.0.0.1] o.s.b.a.ApplicationAvailabilityBean      : Application availability state ReadinessState changed from ACCEPTING_TRAFFIC to REFUSING_TRAFFIC
2021-06-04 19:39:36.385  INFO 7979 --- [restartedMain] c.i.u.UploadExample2Application          : Starting UploadExample2Application using Java 15.0.2 on montekrista-Vostro-15-3568 with PID 7979 (/home/montekrista/Documents/workspace-spring-tool-suite-4-4.10.0.RELEASE/upload_example-2/target/classes started by montekrista in /home/montekrista/Documents/workspace-spring-tool-suite-4-4.10.0.RELEASE/upload_example-2)
2021-06-04 19:39:36.444  INFO 7979 --- [restartedMain] c.i.u.UploadExample2Application          : No active profile set, falling back to default profiles: default
2021-06-04 19:39:36.867  INFO 7979 --- [restartedMain] .e.DevToolsPropertyDefaultsPostProcessor : Devtools property defaults active! Set 'spring.devtools.add-properties' to 'false' to disable
2021-06-04 19:39:36.882  INFO 7979 --- [restartedMain] .e.DevToolsPropertyDefaultsPostProcessor : For additional web related logging consider setting the 'logging.level.web' property to 'DEBUG'
2021-06-04 19:39:44.757  INFO 7979 --- [restartedMain] o.s.b.w.e.t.TomcatWebServer              : Tomcat initialized with port(s): 8090 (http)
2021-06-04 19:39:44.901  INFO 7979 --- [restartedMain] o.a.c.c.StandardService                  : Starting service [Tomcat]
2021-06-04 19:39:44.905  INFO 7979 --- [restartedMain] o.a.c.c.StandardEngine                   : Starting Servlet engine: [Apache Tomcat/9.0.46]
2021-06-04 19:39:45.202  INFO 7979 --- [restartedMain] o.a.c.c.C.[.[.[/]                        : Initializing Spring embedded WebApplicationContext
2021-06-04 19:39:45.203  INFO 7979 --- [restartedMain] w.s.c.ServletWebServerApplicationContext : Root WebApplicationContext: initialization completed in 8317 ms
2021-06-04 19:39:47.395  INFO 7979 --- [restartedMain] o.s.b.d.a.OptionalLiveReloadServer       : LiveReload server is running on port 35729
2021-06-04 19:39:47.487  INFO 7979 --- [restartedMain] o.s.b.w.e.t.TomcatWebServer              : Tomcat started on port(s): 8090 (http) with context path ''
2021-06-04 19:39:47.521  INFO 7979 --- [restartedMain] c.i.u.UploadExample2Application          : Started UploadExample2Application in 13.89 seconds (JVM running for 24.411)
2021-06-04 19:39:47.534  INFO 7979 --- [restartedMain] o.s.b.a.ApplicationAvailabilityBean      : Application availability state LivenessState changed to CORRECT
2021-06-04 19:39:47.545  INFO 7979 --- [restartedMain] o.s.b.a.ApplicationAvailabilityBean      : Application availability state ReadinessState changed to ACCEPTING_TRAFFIC
2021-06-04 19:43:29.702  INFO 7979 --- [Thread-6] o.s.b.a.ApplicationAvailabilityBean      : Application availability state ReadinessState changed from ACCEPTING_TRAFFIC to REFUSING_TRAFFIC
2021-06-04 19:43:30.970  INFO 7979 --- [restartedMain] c.i.u.UploadExample2Application          : Starting UploadExample2Application using Java 15.0.2 on montekrista-Vostro-15-3568 with PID 7979 (/home/montekrista/Documents/workspace-spring-tool-suite-4-4.10.0.RELEASE/upload_example-2/target/classes started by montekrista in /home/montekrista/Documents/workspace-spring-tool-suite-4-4.10.0.RELEASE/upload_example-2)
2021-06-04 19:43:30.979  INFO 7979 --- [restartedMain] c.i.u.UploadExample2Application          : No active profile set, falling back to default profiles: default
2021-06-04 19:43:32.272  INFO 7979 --- [restartedMain] o.s.b.w.e.t.TomcatWebServer              : Tomcat initialized with port(s): 8090 (http)
2021-06-04 19:43:32.274  INFO 7979 --- [restartedMain] o.a.c.c.StandardService                  : Starting service [Tomcat]
2021-06-04 19:43:32.275  INFO 7979 --- [restartedMain] o.a.c.c.StandardEngine                   : Starting Servlet engine: [Apache Tomcat/9.0.46]
2021-06-04 19:43:32.315  INFO 7979 --- [restartedMain] o.a.c.c.C.[.[.[/]                        : Initializing Spring embedded WebApplicationContext
2021-06-04 19:43:32.318  INFO 7979 --- [restartedMain] w.s.c.ServletWebServerApplicationContext : Root WebApplicationContext: initialization completed in 1317 ms
2021-06-04 19:43:33.627  INFO 7979 --- [restartedMain] o.s.b.d.a.OptionalLiveReloadServer       : LiveReload server is running on port 35729
2021-06-04 19:43:33.809  INFO 7979 --- [restartedMain] o.s.b.w.e.t.TomcatWebServer              : Tomcat started on port(s): 8090 (http) with context path ''
2021-06-04 19:43:33.982  INFO 7979 --- [restartedMain] c.i.u.UploadExample2Application          : Started UploadExample2Application in 3.679 seconds (JVM running for 250.861)
2021-06-04 19:43:33.984  INFO 7979 --- [restartedMain] o.s.b.a.ApplicationAvailabilityBean      : Application availability state LivenessState changed to CORRECT
2021-06-04 19:43:34.071  INFO 7979 --- [restartedMain] .ConditionEvaluationDeltaLoggingListener : Condition evaluation unchanged
2021-06-04 19:43:34.072  INFO 7979 --- [restartedMain] o.s.b.a.ApplicationAvailabilityBean      : Application availability state ReadinessState changed to ACCEPTING_TRAFFIC
2021-06-04 19:49:50.518  INFO 7979 --- [Thread-9] o.s.b.a.ApplicationAvailabilityBean      : Application availability state ReadinessState changed from ACCEPTING_TRAFFIC to REFUSING_TRAFFIC
2021-06-04 19:49:51.902  INFO 7979 --- [restartedMain] c.i.u.UploadExample2Application          : Starting UploadExample2Application using Java 15.0.2 on montekrista-Vostro-15-3568 with PID 7979 (/home/montekrista/Documents/workspace-spring-tool-suite-4-4.10.0.RELEASE/upload_example-2/target/classes started by montekrista in /home/montekrista/Documents/workspace-spring-tool-suite-4-4.10.0.RELEASE/upload_example-2)
2021-06-04 19:49:51.924  INFO 7979 --- [restartedMain] c.i.u.UploadExample2Application          : No active profile set, falling back to default profiles: default
2021-06-04 19:49:53.653  INFO 7979 --- [restartedMain] o.s.b.w.e.t.TomcatWebServer              : Tomcat initialized with port(s): 8090 (http)
2021-06-04 19:49:53.664  INFO 7979 --- [restartedMain] o.a.c.c.StandardService                  : Starting service [Tomcat]
2021-06-04 19:49:53.665  INFO 7979 --- [restartedMain] o.a.c.c.StandardEngine                   : Starting Servlet engine: [Apache Tomcat/9.0.46]
2021-06-04 19:49:53.708  INFO 7979 --- [restartedMain] o.a.c.c.C.[.[.[/]                        : Initializing Spring embedded WebApplicationContext
2021-06-04 19:49:53.709  INFO 7979 --- [restartedMain] w.s.c.ServletWebServerApplicationContext : Root WebApplicationContext: initialization completed in 1711 ms
2021-06-04 19:49:54.909  INFO 7979 --- [restartedMain] o.s.b.d.a.OptionalLiveReloadServer       : LiveReload server is running on port 35729
2021-06-04 19:49:55.169  INFO 7979 --- [restartedMain] o.s.b.w.e.t.TomcatWebServer              : Tomcat started on port(s): 8090 (http) with context path ''
2021-06-04 19:49:55.185  INFO 7979 --- [restartedMain] c.i.u.UploadExample2Application          : Started UploadExample2Application in 4.328 seconds (JVM running for 632.076)
2021-06-04 19:49:55.186  INFO 7979 --- [restartedMain] o.s.b.a.ApplicationAvailabilityBean      : Application availability state LivenessState changed to CORRECT
2021-06-04 19:49:55.199  INFO 7979 --- [restartedMain] .ConditionEvaluationDeltaLoggingListener : Condition evaluation unchanged
2021-06-04 19:49:55.201  INFO 7979 --- [restartedMain] o.s.b.a.ApplicationAvailabilityBean      : Application availability state ReadinessState changed to ACCEPTING_TRAFFIC
2021-06-04 19:51:55.759  INFO 7979 --- [Thread-14] o.s.b.a.ApplicationAvailabilityBean      : Application availability state ReadinessState changed from ACCEPTING_TRAFFIC to REFUSING_TRAFFIC
2021-06-04 19:51:56.571  INFO 7979 --- [restartedMain] c.i.u.UploadExample2Application          : Starting UploadExample2Application using Java 15.0.2 on montekrista-Vostro-15-3568 with PID 7979 (/home/montekrista/Documents/workspace-spring-tool-suite-4-4.10.0.RELEASE/upload_example-2/target/classes started by montekrista in /home/montekrista/Documents/workspace-spring-tool-suite-4-4.10.0.RELEASE/upload_example-2)
2021-06-04 19:51:56.578  INFO 7979 --- [restartedMain] c.i.u.UploadExample2Application          : No active profile set, falling back to default profiles: default
2021-06-04 19:51:58.015  INFO 7979 --- [restartedMain] o.s.b.w.e.t.TomcatWebServer              : Tomcat initialized with port(s): 8090 (http)
2021-06-04 19:51:58.034  INFO 7979 --- [restartedMain] o.a.c.c.StandardService                  : Starting service [Tomcat]
2021-06-04 19:51:58.035  INFO 7979 --- [restartedMain] o.a.c.c.StandardEngine                   : Starting Servlet engine: [Apache Tomcat/9.0.46]
2021-06-04 19:51:58.068  INFO 7979 --- [restartedMain] o.a.c.c.C.[.[.[/]                        : Initializing Spring embedded WebApplicationContext
2021-06-04 19:51:58.069  INFO 7979 --- [restartedMain] w.s.c.ServletWebServerApplicationContext : Root WebApplicationContext: initialization completed in 1462 ms
2021-06-04 19:51:58.785  INFO 7979 --- [restartedMain] o.s.b.d.a.OptionalLiveReloadServer       : LiveReload server is running on port 35729
2021-06-04 19:51:58.869  INFO 7979 --- [restartedMain] o.s.b.w.e.t.TomcatWebServer              : Tomcat started on port(s): 8090 (http) with context path ''
2021-06-04 19:51:58.930  INFO 7979 --- [restartedMain] c.i.u.UploadExample2Application          : Started UploadExample2Application in 2.648 seconds (JVM running for 755.821)
2021-06-04 19:51:58.933  INFO 7979 --- [restartedMain] o.s.b.a.ApplicationAvailabilityBean      : Application availability state LivenessState changed to CORRECT
2021-06-04 19:51:58.938  INFO 7979 --- [restartedMain] .ConditionEvaluationDeltaLoggingListener : Condition evaluation unchanged
2021-06-04 19:51:58.939  INFO 7979 --- [restartedMain] o.s.b.a.ApplicationAvailabilityBean      : Application availability state ReadinessState changed to ACCEPTING_TRAFFIC
2021-06-04 19:52:09.611  INFO 7979 --- [RMI TCP Connection(32)-127.0.0.1] inMXBeanRegistrar$SpringApplicationAdmin : Application shutdown requested.
2021-06-04 19:52:09.612  INFO 7979 --- [RMI TCP Connection(32)-127.0.0.1] o.s.b.a.ApplicationAvailabilityBean      : Application availability state ReadinessState changed from ACCEPTING_TRAFFIC to REFUSING_TRAFFIC
2021-06-04 19:52:36.407  INFO 8751 --- [restartedMain] c.i.u.UploadExample2Application          : Starting UploadExample2Application using Java 15.0.2 on montekrista-Vostro-15-3568 with PID 8751 (/home/montekrista/Documents/workspace-spring-tool-suite-4-4.10.0.RELEASE/upload_example-2/target/classes started by montekrista in /home/montekrista/Documents/workspace-spring-tool-suite-4-4.10.0.RELEASE/upload_example-2)
2021-06-04 19:52:36.491  INFO 8751 --- [restartedMain] c.i.u.UploadExample2Application          : No active profile set, falling back to default profiles: default
2021-06-04 19:52:36.814  INFO 8751 --- [restartedMain] .e.DevToolsPropertyDefaultsPostProcessor : Devtools property defaults active! Set 'spring.devtools.add-properties' to 'false' to disable
2021-06-04 19:52:36.814  INFO 8751 --- [restartedMain] .e.DevToolsPropertyDefaultsPostProcessor : For additional web related logging consider setting the 'logging.level.web' property to 'DEBUG'
2021-06-04 19:52:42.264  INFO 8751 --- [restartedMain] o.s.b.w.e.t.TomcatWebServer              : Tomcat initialized with port(s): 8090 (http)
2021-06-04 19:52:42.410  INFO 8751 --- [restartedMain] o.a.c.c.StandardService                  : Starting service [Tomcat]
2021-06-04 19:52:42.412  INFO 8751 --- [restartedMain] o.a.c.c.StandardEngine                   : Starting Servlet engine: [Apache Tomcat/9.0.46]
2021-06-04 19:52:42.578  INFO 8751 --- [restartedMain] o.a.c.c.C.[.[.[/]                        : Initializing Spring embedded WebApplicationContext
2021-06-04 19:52:42.579  INFO 8751 --- [restartedMain] w.s.c.ServletWebServerApplicationContext : Root WebApplicationContext: initialization completed in 5764 ms
2021-06-04 19:52:45.259  INFO 8751 --- [restartedMain] o.s.b.d.a.OptionalLiveReloadServer       : LiveReload server is running on port 35729
2021-06-04 19:52:45.335  INFO 8751 --- [restartedMain] o.s.b.w.e.t.TomcatWebServer              : Tomcat started on port(s): 8090 (http) with context path ''
2021-06-04 19:52:45.375  INFO 8751 --- [restartedMain] c.i.u.UploadExample2Application          : Started UploadExample2Application in 11.16 seconds (JVM running for 20.516)
2021-06-04 19:52:45.384  INFO 8751 --- [restartedMain] o.s.b.a.ApplicationAvailabilityBean      : Application availability state LivenessState changed to CORRECT
2021-06-04 19:52:45.391  INFO 8751 --- [restartedMain] o.s.b.a.ApplicationAvailabilityBean      : Application availability state ReadinessState changed to ACCEPTING_TRAFFIC
2021-06-04 19:53:07.742  INFO 8751 --- [Thread-6] o.s.b.a.ApplicationAvailabilityBean      : Application availability state ReadinessState changed from ACCEPTING_TRAFFIC to REFUSING_TRAFFIC
2021-06-04 19:53:08.929  INFO 8751 --- [restartedMain] c.i.u.UploadExample2Application          : Starting UploadExample2Application using Java 15.0.2 on montekrista-Vostro-15-3568 with PID 8751 (/home/montekrista/Documents/workspace-spring-tool-suite-4-4.10.0.RELEASE/upload_example-2/target/classes started by montekrista in /home/montekrista/Documents/workspace-spring-tool-suite-4-4.10.0.RELEASE/upload_example-2)
2021-06-04 19:53:08.945  INFO 8751 --- [restartedMain] c.i.u.UploadExample2Application          : No active profile set, falling back to default profiles: default
2021-06-04 19:53:10.942  INFO 8751 --- [restartedMain] o.s.b.w.e.t.TomcatWebServer              : Tomcat initialized with port(s): 8090 (http)
2021-06-04 19:53:10.947  INFO 8751 --- [restartedMain] o.a.c.c.StandardService                  : Starting service [Tomcat]
2021-06-04 19:53:10.949  INFO 8751 --- [restartedMain] o.a.c.c.StandardEngine                   : Starting Servlet engine: [Apache Tomcat/9.0.46]
2021-06-04 19:53:11.044  INFO 8751 --- [restartedMain] o.a.c.c.C.[.[.[/]                        : Initializing Spring embedded WebApplicationContext
2021-06-04 19:53:11.050  INFO 8751 --- [restartedMain] w.s.c.ServletWebServerApplicationContext : Root WebApplicationContext: initialization completed in 2042 ms
2021-06-04 19:53:11.665 DEBUG 8751 --- [restartedMain] s.w.s.m.m.a.RequestMappingHandlerAdapter : ControllerAdvice beans: 0 @ModelAttribute, 0 @InitBinder, 1 RequestBodyAdvice, 1 ResponseBodyAdvice
2021-06-04 19:53:11.808 DEBUG 8751 --- [restartedMain] s.w.s.m.m.a.RequestMappingHandlerMapping : 5 mappings in 'requestMappingHandlerMapping'
2021-06-04 19:53:11.849 DEBUG 8751 --- [restartedMain] o.s.w.s.h.SimpleUrlHandlerMapping        : Patterns [/webjars/**, /**] in 'resourceHandlerMapping'
2021-06-04 19:53:11.855 DEBUG 8751 --- [restartedMain] .m.m.a.ExceptionHandlerExceptionResolver : ControllerAdvice beans: 1 @ExceptionHandler, 1 ResponseBodyAdvice
2021-06-04 19:53:11.974  INFO 8751 --- [restartedMain] o.s.b.d.a.OptionalLiveReloadServer       : LiveReload server is running on port 35729
2021-06-04 19:53:12.193  INFO 8751 --- [restartedMain] o.s.b.w.e.t.TomcatWebServer              : Tomcat started on port(s): 8090 (http) with context path ''
2021-06-04 19:53:12.230  INFO 8751 --- [restartedMain] c.i.u.UploadExample2Application          : Started UploadExample2Application in 4.073 seconds (JVM running for 47.372)
2021-06-04 19:53:12.233  INFO 8751 --- [restartedMain] o.s.b.a.ApplicationAvailabilityBean      : Application availability state LivenessState changed to CORRECT
2021-06-04 19:53:12.241  INFO 8751 --- [restartedMain] .ConditionEvaluationDeltaLoggingListener : Condition evaluation unchanged
2021-06-04 19:53:12.242  INFO 8751 --- [restartedMain] o.s.b.a.ApplicationAvailabilityBean      : Application availability state ReadinessState changed to ACCEPTING_TRAFFIC
2021-06-04 20:44:08.898  INFO 8751 --- [http-nio-8090-exec-1] o.a.c.c.C.[.[.[/]                        : Initializing Spring DispatcherServlet 'dispatcherServlet'
2021-06-04 20:44:08.900  INFO 8751 --- [http-nio-8090-exec-1] o.s.w.s.DispatcherServlet                : Initializing Servlet 'dispatcherServlet'
2021-06-04 20:44:08.901 DEBUG 8751 --- [http-nio-8090-exec-1] o.s.w.s.DispatcherServlet                : Detected StandardServletMultipartResolver
2021-06-04 20:44:08.901 DEBUG 8751 --- [http-nio-8090-exec-1] o.s.w.s.DispatcherServlet                : Detected AcceptHeaderLocaleResolver
2021-06-04 20:44:08.913 DEBUG 8751 --- [http-nio-8090-exec-1] o.s.w.s.DispatcherServlet                : Detected FixedThemeResolver
2021-06-04 20:44:08.936 DEBUG 8751 --- [http-nio-8090-exec-1] o.s.w.s.DispatcherServlet                : Detected org.springframework.web.servlet.view.DefaultRequestToViewNameTranslator@2cb8293
2021-06-04 20:44:08.938 DEBUG 8751 --- [http-nio-8090-exec-1] o.s.w.s.DispatcherServlet                : Detected org.springframework.web.servlet.support.SessionFlashMapManager@179e6b75
2021-06-04 20:44:08.938 DEBUG 8751 --- [http-nio-8090-exec-1] o.s.w.s.DispatcherServlet                : enableLoggingRequestDetails='false': request parameters and headers will be masked to prevent unsafe logging of potentially sensitive data
2021-06-04 20:44:08.939  INFO 8751 --- [http-nio-8090-exec-1] o.s.w.s.DispatcherServlet                : Completed initialization in 38 ms
2021-06-04 20:44:09.036 DEBUG 8751 --- [http-nio-8090-exec-1] o.s.w.s.DispatcherServlet                : POST "/simpleEmail", parameters={}
2021-06-04 20:44:09.080 DEBUG 8751 --- [http-nio-8090-exec-1] o.s.w.s.h.SimpleUrlHandlerMapping        : Mapped to ResourceHttpRequestHandler [Classpath [META-INF/resources/], Classpath [resources/], Classpath [static/], Classpath [public/], ServletContext [/]]
2021-06-04 20:44:09.085 DEBUG 8751 --- [http-nio-8090-exec-1] o.s.w.s.r.ResourceHttpRequestHandler     : Resource not found
2021-06-04 20:44:09.090 DEBUG 8751 --- [http-nio-8090-exec-1] o.s.w.s.DispatcherServlet                : Completed 404 NOT_FOUND
2021-06-04 20:44:09.133 DEBUG 8751 --- [http-nio-8090-exec-1] o.s.w.s.DispatcherServlet                : "ERROR" dispatch for POST "/error", parameters={}
2021-06-04 20:44:09.137 DEBUG 8751 --- [http-nio-8090-exec-1] s.w.s.m.m.a.RequestMappingHandlerMapping : Mapped to org.springframework.boot.autoconfigure.web.servlet.error.BasicErrorController#error(HttpServletRequest)
2021-06-04 20:44:09.595 DEBUG 8751 --- [http-nio-8090-exec-1] o.s.w.s.m.m.a.HttpEntityMethodProcessor  : Using 'application/json', given [*/*] and supported [application/json, application/*+json, application/json, application/*+json]
2021-06-04 20:44:09.611 DEBUG 8751 --- [http-nio-8090-exec-1] o.s.w.s.m.m.a.HttpEntityMethodProcessor  : Writing [{timestamp=Fri Jun 04 20:44:09 CEST 2021, status=404, error=Not Found, message=No message available, (truncated)...]
2021-06-04 20:44:10.038 DEBUG 8751 --- [http-nio-8090-exec-1] o.s.w.s.DispatcherServlet                : Exiting from "ERROR" dispatch, status 404
2021-06-04 20:54:51.828 DEBUG 8751 --- [http-nio-8090-exec-5] o.s.w.s.DispatcherServlet                : POST "/simpleEmail", parameters={}
2021-06-04 20:54:51.841 DEBUG 8751 --- [http-nio-8090-exec-5] o.s.w.s.h.SimpleUrlHandlerMapping        : Mapped to ResourceHttpRequestHandler [Classpath [META-INF/resources/], Classpath [resources/], Classpath [static/], Classpath [public/], ServletContext [/]]
2021-06-04 20:54:51.858 DEBUG 8751 --- [http-nio-8090-exec-5] o.s.w.s.r.ResourceHttpRequestHandler     : Resource not found
2021-06-04 20:54:51.858 DEBUG 8751 --- [http-nio-8090-exec-5] o.s.w.s.DispatcherServlet                : Completed 404 NOT_FOUND
2021-06-04 20:54:51.859 DEBUG 8751 --- [http-nio-8090-exec-5] o.s.w.s.DispatcherServlet                : "ERROR" dispatch for POST "/error", parameters={}
2021-06-04 20:54:51.860 DEBUG 8751 --- [http-nio-8090-exec-5] s.w.s.m.m.a.RequestMappingHandlerMapping : Mapped to org.springframework.boot.autoconfigure.web.servlet.error.BasicErrorController#error(HttpServletRequest)
2021-06-04 20:54:51.880 DEBUG 8751 --- [http-nio-8090-exec-5] o.s.w.s.m.m.a.HttpEntityMethodProcessor  : Using 'application/json', given [*/*] and supported [application/json, application/*+json, application/json, application/*+json]
2021-06-04 20:54:51.882 DEBUG 8751 --- [http-nio-8090-exec-5] o.s.w.s.m.m.a.HttpEntityMethodProcessor  : Writing [{timestamp=Fri Jun 04 20:54:51 CEST 2021, status=404, error=Not Found, message=No message available, (truncated)...]
2021-06-04 20:54:51.908 DEBUG 8751 --- [http-nio-8090-exec-5] o.s.w.s.DispatcherServlet                : Exiting from "ERROR" dispatch, status 404
2021-06-04 20:55:33.030 DEBUG 8751 --- [http-nio-8090-exec-6] o.s.w.s.DispatcherServlet                : POST "/simpleEmail?to=monte.krista@gmail.com&subject=probni%20mejl&text=tra%20la%20la", parameters={masked}
2021-06-04 20:55:33.033 DEBUG 8751 --- [http-nio-8090-exec-6] o.s.w.s.h.SimpleUrlHandlerMapping        : Mapped to ResourceHttpRequestHandler [Classpath [META-INF/resources/], Classpath [resources/], Classpath [static/], Classpath [public/], ServletContext [/]]
2021-06-04 20:55:33.037 DEBUG 8751 --- [http-nio-8090-exec-6] o.s.w.s.r.ResourceHttpRequestHandler     : Resource not found
2021-06-04 20:55:33.062 DEBUG 8751 --- [http-nio-8090-exec-6] o.s.w.s.DispatcherServlet                : Completed 404 NOT_FOUND
2021-06-04 20:55:33.110 DEBUG 8751 --- [http-nio-8090-exec-6] o.s.w.s.DispatcherServlet                : "ERROR" dispatch for POST "/error?to=monte.krista@gmail.com&subject=probni%20mejl&text=tra%20la%20la", parameters={masked}
2021-06-04 20:55:33.116 DEBUG 8751 --- [http-nio-8090-exec-6] s.w.s.m.m.a.RequestMappingHandlerMapping : Mapped to org.springframework.boot.autoconfigure.web.servlet.error.BasicErrorController#error(HttpServletRequest)
2021-06-04 20:55:33.117 DEBUG 8751 --- [http-nio-8090-exec-6] o.s.w.s.m.m.a.HttpEntityMethodProcessor  : Using 'application/json', given [*/*] and supported [application/json, application/*+json, application/json, application/*+json]
2021-06-04 20:55:33.117 DEBUG 8751 --- [http-nio-8090-exec-6] o.s.w.s.m.m.a.HttpEntityMethodProcessor  : Writing [{timestamp=Fri Jun 04 20:55:33 CEST 2021, status=404, error=Not Found, message=No message available, (truncated)...]
2021-06-04 20:55:33.143 DEBUG 8751 --- [http-nio-8090-exec-6] o.s.w.s.DispatcherServlet                : Exiting from "ERROR" dispatch, status 404
2021-06-04 20:58:25.298 DEBUG 8751 --- [http-nio-8090-exec-9] o.s.w.s.DispatcherServlet                : POST "/simpleEmail", parameters={}
2021-06-04 20:58:25.300 DEBUG 8751 --- [http-nio-8090-exec-9] o.s.w.s.h.SimpleUrlHandlerMapping        : Mapped to ResourceHttpRequestHandler [Classpath [META-INF/resources/], Classpath [resources/], Classpath [static/], Classpath [public/], ServletContext [/]]
2021-06-04 20:58:25.301 DEBUG 8751 --- [http-nio-8090-exec-9] o.s.w.s.r.ResourceHttpRequestHandler     : Resource not found
2021-06-04 20:58:25.301 DEBUG 8751 --- [http-nio-8090-exec-9] o.s.w.s.DispatcherServlet                : Completed 404 NOT_FOUND
2021-06-04 20:58:25.302 DEBUG 8751 --- [http-nio-8090-exec-9] o.s.w.s.DispatcherServlet                : "ERROR" dispatch for POST "/error", parameters={}
2021-06-04 20:58:25.314 DEBUG 8751 --- [http-nio-8090-exec-9] s.w.s.m.m.a.RequestMappingHandlerMapping : Mapped to org.springframework.boot.autoconfigure.web.servlet.error.BasicErrorController#error(HttpServletRequest)
2021-06-04 20:58:25.328 DEBUG 8751 --- [http-nio-8090-exec-9] o.s.w.s.m.m.a.HttpEntityMethodProcessor  : Using 'application/json', given [*/*] and supported [application/json, application/*+json, application/json, application/*+json]
2021-06-04 20:58:25.329 DEBUG 8751 --- [http-nio-8090-exec-9] o.s.w.s.m.m.a.HttpEntityMethodProcessor  : Writing [{timestamp=Fri Jun 04 20:58:25 CEST 2021, status=404, error=Not Found, message=No message available, (truncated)...]
2021-06-04 20:58:25.330 DEBUG 8751 --- [http-nio-8090-exec-9] o.s.w.s.DispatcherServlet                : Exiting from "ERROR" dispatch, status 404
2021-06-04 21:02:54.656  INFO 8751 --- [RMI TCP Connection(94)-127.0.0.1] inMXBeanRegistrar$SpringApplicationAdmin : Application shutdown requested.
2021-06-04 21:02:54.662  INFO 8751 --- [RMI TCP Connection(94)-127.0.0.1] o.s.b.a.ApplicationAvailabilityBean      : Application availability state ReadinessState changed from ACCEPTING_TRAFFIC to REFUSING_TRAFFIC
2021-06-04 21:16:30.306  INFO 13240 --- [restartedMain] c.i.u.UploadExample2Application          : Starting UploadExample2Application using Java 15.0.2 on montekrista-Vostro-15-3568 with PID 13240 (/home/montekrista/Documents/workspace-spring-tool-suite-4-4.10.0.RELEASE/upload_example-2/target/classes started by montekrista in /home/montekrista/Documents/workspace-spring-tool-suite-4-4.10.0.RELEASE/upload_example-2)
2021-06-04 21:16:30.315  INFO 13240 --- [restartedMain] c.i.u.UploadExample2Application          : No active profile set, falling back to default profiles: default
2021-06-04 21:16:30.452  INFO 13240 --- [restartedMain] .e.DevToolsPropertyDefaultsPostProcessor : Devtools property defaults active! Set 'spring.devtools.add-properties' to 'false' to disable
2021-06-04 21:16:30.453  INFO 13240 --- [restartedMain] .e.DevToolsPropertyDefaultsPostProcessor : For additional web related logging consider setting the 'logging.level.web' property to 'DEBUG'
2021-06-04 21:16:32.731  INFO 13240 --- [restartedMain] o.s.b.w.e.t.TomcatWebServer              : Tomcat initialized with port(s): 8090 (http)
2021-06-04 21:16:32.796  INFO 13240 --- [restartedMain] o.a.c.c.StandardService                  : Starting service [Tomcat]
2021-06-04 21:16:32.798  INFO 13240 --- [restartedMain] o.a.c.c.StandardEngine                   : Starting Servlet engine: [Apache Tomcat/9.0.46]
2021-06-04 21:16:33.027  INFO 13240 --- [restartedMain] o.a.c.c.C.[.[.[/]                        : Initializing Spring embedded WebApplicationContext
2021-06-04 21:16:33.030  INFO 13240 --- [restartedMain] w.s.c.ServletWebServerApplicationContext : Root WebApplicationContext: initialization completed in 2573 ms
2021-06-04 21:16:33.605 DEBUG 13240 --- [restartedMain] s.w.s.m.m.a.RequestMappingHandlerAdapter : ControllerAdvice beans: 0 @ModelAttribute, 0 @InitBinder, 1 RequestBodyAdvice, 1 ResponseBodyAdvice
2021-06-04 21:16:33.702 DEBUG 13240 --- [restartedMain] s.w.s.m.m.a.RequestMappingHandlerMapping : 5 mappings in 'requestMappingHandlerMapping'
2021-06-04 21:16:33.736 DEBUG 13240 --- [restartedMain] o.s.w.s.h.SimpleUrlHandlerMapping        : Patterns [/webjars/**, /**] in 'resourceHandlerMapping'
2021-06-04 21:16:33.748 DEBUG 13240 --- [restartedMain] .m.m.a.ExceptionHandlerExceptionResolver : ControllerAdvice beans: 1 @ExceptionHandler, 1 ResponseBodyAdvice
2021-06-04 21:16:33.876  INFO 13240 --- [restartedMain] o.s.b.d.a.OptionalLiveReloadServer       : LiveReload server is running on port 35729
2021-06-04 21:16:34.022  INFO 13240 --- [restartedMain] o.s.b.w.e.t.TomcatWebServer              : Tomcat started on port(s): 8090 (http) with context path ''
2021-06-04 21:16:34.042  INFO 13240 --- [restartedMain] c.i.u.UploadExample2Application          : Started UploadExample2Application in 5.426 seconds (JVM running for 7.304)
2021-06-04 21:16:34.044  INFO 13240 --- [restartedMain] o.s.b.a.ApplicationAvailabilityBean      : Application availability state LivenessState changed to CORRECT
2021-06-04 21:16:34.047  INFO 13240 --- [restartedMain] o.s.b.a.ApplicationAvailabilityBean      : Application availability state ReadinessState changed to ACCEPTING_TRAFFIC
2021-06-04 21:16:39.048  INFO 13240 --- [http-nio-8090-exec-2] o.a.c.c.C.[.[.[/]                        : Initializing Spring DispatcherServlet 'dispatcherServlet'
2021-06-04 21:16:39.049  INFO 13240 --- [http-nio-8090-exec-2] o.s.w.s.DispatcherServlet                : Initializing Servlet 'dispatcherServlet'
2021-06-04 21:16:39.050 DEBUG 13240 --- [http-nio-8090-exec-2] o.s.w.s.DispatcherServlet                : Detected StandardServletMultipartResolver
2021-06-04 21:16:39.052 DEBUG 13240 --- [http-nio-8090-exec-2] o.s.w.s.DispatcherServlet                : Detected AcceptHeaderLocaleResolver
2021-06-04 21:16:39.053 DEBUG 13240 --- [http-nio-8090-exec-2] o.s.w.s.DispatcherServlet                : Detected FixedThemeResolver
2021-06-04 21:16:39.060 DEBUG 13240 --- [http-nio-8090-exec-2] o.s.w.s.DispatcherServlet                : Detected org.springframework.web.servlet.view.DefaultRequestToViewNameTranslator@721fcea1
2021-06-04 21:16:39.062 DEBUG 13240 --- [http-nio-8090-exec-2] o.s.w.s.DispatcherServlet                : Detected org.springframework.web.servlet.support.SessionFlashMapManager@3ff31049
2021-06-04 21:16:39.063 DEBUG 13240 --- [http-nio-8090-exec-2] o.s.w.s.DispatcherServlet                : enableLoggingRequestDetails='false': request parameters and headers will be masked to prevent unsafe logging of potentially sensitive data
2021-06-04 21:16:39.063  INFO 13240 --- [http-nio-8090-exec-2] o.s.w.s.DispatcherServlet                : Completed initialization in 13 ms
2021-06-04 21:16:39.079 DEBUG 13240 --- [http-nio-8090-exec-2] o.s.w.s.DispatcherServlet                : POST "/simpleEmail", parameters={}
2021-06-04 21:16:39.094 DEBUG 13240 --- [http-nio-8090-exec-2] o.s.w.s.h.SimpleUrlHandlerMapping        : Mapped to ResourceHttpRequestHandler [Classpath [META-INF/resources/], Classpath [resources/], Classpath [static/], Classpath [public/], ServletContext [/]]
2021-06-04 21:16:39.105 DEBUG 13240 --- [http-nio-8090-exec-2] o.s.w.s.r.ResourceHttpRequestHandler     : Resource not found
2021-06-04 21:16:39.108 DEBUG 13240 --- [http-nio-8090-exec-2] o.s.w.s.DispatcherServlet                : Completed 404 NOT_FOUND
2021-06-04 21:16:39.149 DEBUG 13240 --- [http-nio-8090-exec-2] o.s.w.s.DispatcherServlet                : "ERROR" dispatch for POST "/error", parameters={}
2021-06-04 21:16:39.171 DEBUG 13240 --- [http-nio-8090-exec-2] s.w.s.m.m.a.RequestMappingHandlerMapping : Mapped to org.springframework.boot.autoconfigure.web.servlet.error.BasicErrorController#error(HttpServletRequest)
2021-06-04 21:16:39.264 DEBUG 13240 --- [http-nio-8090-exec-2] o.s.w.s.m.m.a.HttpEntityMethodProcessor  : Using 'application/json', given [*/*] and supported [application/json, application/*+json, application/json, application/*+json]
2021-06-04 21:16:39.266 DEBUG 13240 --- [http-nio-8090-exec-2] o.s.w.s.m.m.a.HttpEntityMethodProcessor  : Writing [{timestamp=Fri Jun 04 21:16:39 CEST 2021, status=404, error=Not Found, message=No message available, (truncated)...]
2021-06-04 21:16:39.374 DEBUG 13240 --- [http-nio-8090-exec-2] o.s.w.s.DispatcherServlet                : Exiting from "ERROR" dispatch, status 404
2021-06-04 21:18:35.303  INFO 13240 --- [RMI TCP Connection(10)-127.0.0.1] inMXBeanRegistrar$SpringApplicationAdmin : Application shutdown requested.
2021-06-04 21:18:35.315  INFO 13240 --- [RMI TCP Connection(10)-127.0.0.1] o.s.b.a.ApplicationAvailabilityBean      : Application availability state ReadinessState changed from ACCEPTING_TRAFFIC to REFUSING_TRAFFIC
2021-06-04 21:18:54.602  INFO 13373 --- [restartedMain] c.i.u.UploadExample2Application          : Starting UploadExample2Application using Java 15.0.2 on montekrista-Vostro-15-3568 with PID 13373 (/home/montekrista/Documents/workspace-spring-tool-suite-4-4.10.0.RELEASE/upload_example-2/target/classes started by montekrista in /home/montekrista/Documents/workspace-spring-tool-suite-4-4.10.0.RELEASE/upload_example-2)
2021-06-04 21:18:54.626  INFO 13373 --- [restartedMain] c.i.u.UploadExample2Application          : No active profile set, falling back to default profiles: default
2021-06-04 21:18:54.690  INFO 13373 --- [restartedMain] .e.DevToolsPropertyDefaultsPostProcessor : Devtools property defaults active! Set 'spring.devtools.add-properties' to 'false' to disable
2021-06-04 21:18:54.691  INFO 13373 --- [restartedMain] .e.DevToolsPropertyDefaultsPostProcessor : For additional web related logging consider setting the 'logging.level.web' property to 'DEBUG'
2021-06-04 21:18:57.134  INFO 13373 --- [restartedMain] o.s.b.w.e.t.TomcatWebServer              : Tomcat initialized with port(s): 8090 (http)
2021-06-04 21:18:57.343  INFO 13373 --- [restartedMain] o.a.c.c.StandardService                  : Starting service [Tomcat]
2021-06-04 21:18:57.363  INFO 13373 --- [restartedMain] o.a.c.c.StandardEngine                   : Starting Servlet engine: [Apache Tomcat/9.0.46]
2021-06-04 21:18:57.870  INFO 13373 --- [restartedMain] o.a.c.c.C.[.[.[/]                        : Initializing Spring embedded WebApplicationContext
2021-06-04 21:18:57.870  INFO 13373 --- [restartedMain] w.s.c.ServletWebServerApplicationContext : Root WebApplicationContext: initialization completed in 3177 ms
2021-06-04 21:18:59.491 DEBUG 13373 --- [restartedMain] s.w.s.m.m.a.RequestMappingHandlerAdapter : ControllerAdvice beans: 0 @ModelAttribute, 0 @InitBinder, 1 RequestBodyAdvice, 1 ResponseBodyAdvice
2021-06-04 21:19:00.045 DEBUG 13373 --- [restartedMain] s.w.s.m.m.a.RequestMappingHandlerMapping : 5 mappings in 'requestMappingHandlerMapping'
2021-06-04 21:19:00.232 DEBUG 13373 --- [restartedMain] o.s.w.s.h.SimpleUrlHandlerMapping        : Patterns [/webjars/**, /**] in 'resourceHandlerMapping'
2021-06-04 21:19:00.270 DEBUG 13373 --- [restartedMain] .m.m.a.ExceptionHandlerExceptionResolver : ControllerAdvice beans: 1 @ExceptionHandler, 1 ResponseBodyAdvice
2021-06-04 21:19:00.664  INFO 13373 --- [restartedMain] o.s.b.d.a.OptionalLiveReloadServer       : LiveReload server is running on port 35729
2021-06-04 21:19:00.804  INFO 13373 --- [restartedMain] o.s.b.w.e.t.TomcatWebServer              : Tomcat started on port(s): 8090 (http) with context path ''
2021-06-04 21:19:00.874  INFO 13373 --- [restartedMain] c.i.u.UploadExample2Application          : Started UploadExample2Application in 7.289 seconds (JVM running for 11.282)
2021-06-04 21:19:00.878  INFO 13373 --- [restartedMain] o.s.b.a.ApplicationAvailabilityBean      : Application availability state LivenessState changed to CORRECT
2021-06-04 21:19:00.884  INFO 13373 --- [restartedMain] o.s.b.a.ApplicationAvailabilityBean      : Application availability state ReadinessState changed to ACCEPTING_TRAFFIC
2021-06-04 21:19:06.679  INFO 13373 --- [http-nio-8090-exec-1] o.a.c.c.C.[.[.[/]                        : Initializing Spring DispatcherServlet 'dispatcherServlet'
2021-06-04 21:19:06.680  INFO 13373 --- [http-nio-8090-exec-1] o.s.w.s.DispatcherServlet                : Initializing Servlet 'dispatcherServlet'
2021-06-04 21:19:06.680 DEBUG 13373 --- [http-nio-8090-exec-1] o.s.w.s.DispatcherServlet                : Detected StandardServletMultipartResolver
2021-06-04 21:19:06.680 DEBUG 13373 --- [http-nio-8090-exec-1] o.s.w.s.DispatcherServlet                : Detected AcceptHeaderLocaleResolver
2021-06-04 21:19:06.680 DEBUG 13373 --- [http-nio-8090-exec-1] o.s.w.s.DispatcherServlet                : Detected FixedThemeResolver
2021-06-04 21:19:06.682 DEBUG 13373 --- [http-nio-8090-exec-1] o.s.w.s.DispatcherServlet                : Detected org.springframework.web.servlet.view.DefaultRequestToViewNameTranslator@3fda52a3
2021-06-04 21:19:06.684 DEBUG 13373 --- [http-nio-8090-exec-1] o.s.w.s.DispatcherServlet                : Detected org.springframework.web.servlet.support.SessionFlashMapManager@5270da6
2021-06-04 21:19:06.685 DEBUG 13373 --- [http-nio-8090-exec-1] o.s.w.s.DispatcherServlet                : enableLoggingRequestDetails='false': request parameters and headers will be masked to prevent unsafe logging of potentially sensitive data
2021-06-04 21:19:06.685  INFO 13373 --- [http-nio-8090-exec-1] o.s.w.s.DispatcherServlet                : Completed initialization in 5 ms
2021-06-04 21:19:06.732 DEBUG 13373 --- [http-nio-8090-exec-1] o.s.w.s.DispatcherServlet                : POST "/simpleEmail", parameters={}
2021-06-04 21:19:06.763 DEBUG 13373 --- [http-nio-8090-exec-1] o.s.w.s.h.SimpleUrlHandlerMapping        : Mapped to ResourceHttpRequestHandler [Classpath [META-INF/resources/], Classpath [resources/], Classpath [static/], Classpath [public/], ServletContext [/]]
2021-06-04 21:19:06.769 DEBUG 13373 --- [http-nio-8090-exec-1] o.s.w.s.r.ResourceHttpRequestHandler     : Resource not found
2021-06-04 21:19:06.771 DEBUG 13373 --- [http-nio-8090-exec-1] o.s.w.s.DispatcherServlet                : Completed 404 NOT_FOUND
2021-06-04 21:19:06.796 DEBUG 13373 --- [http-nio-8090-exec-1] o.s.w.s.DispatcherServlet                : "ERROR" dispatch for POST "/error", parameters={}
2021-06-04 21:19:06.799 DEBUG 13373 --- [http-nio-8090-exec-1] s.w.s.m.m.a.RequestMappingHandlerMapping : Mapped to org.springframework.boot.autoconfigure.web.servlet.error.BasicErrorController#error(HttpServletRequest)
2021-06-04 21:19:06.965 DEBUG 13373 --- [http-nio-8090-exec-1] o.s.w.s.m.m.a.HttpEntityMethodProcessor  : Using 'application/json', given [*/*] and supported [application/json, application/*+json, application/json, application/*+json]
2021-06-04 21:19:06.967 DEBUG 13373 --- [http-nio-8090-exec-1] o.s.w.s.m.m.a.HttpEntityMethodProcessor  : Writing [{timestamp=Fri Jun 04 21:19:06 CEST 2021, status=404, error=Not Found, message=No message available, (truncated)...]
2021-06-04 21:19:07.166 DEBUG 13373 --- [http-nio-8090-exec-1] o.s.w.s.DispatcherServlet                : Exiting from "ERROR" dispatch, status 404
2021-06-04 21:20:09.453  INFO 13373 --- [RMI TCP Connection(7)-127.0.0.1] inMXBeanRegistrar$SpringApplicationAdmin : Application shutdown requested.
2021-06-04 21:20:09.454  INFO 13373 --- [RMI TCP Connection(7)-127.0.0.1] o.s.b.a.ApplicationAvailabilityBean      : Application availability state ReadinessState changed from ACCEPTING_TRAFFIC to REFUSING_TRAFFIC
2021-06-25 18:09:55.938  INFO 9199 --- [restartedMain] c.i.u.UploadExample2Application          : Starting UploadExample2Application using Java 15.0.2 on montekrista-Vostro-15-3568 with PID 9199 (/home/montekrista/Documents/workspace-spring-tool-suite-4-4.10.0.RELEASE/upload_example-2/target/classes started by montekrista in /home/montekrista/Documents/workspace-spring-tool-suite-4-4.10.0.RELEASE/upload_example-2)
2021-06-25 18:09:56.031  INFO 9199 --- [restartedMain] c.i.u.UploadExample2Application          : No active profile set, falling back to default profiles: default
2021-06-25 18:09:56.416  INFO 9199 --- [restartedMain] .e.DevToolsPropertyDefaultsPostProcessor : Devtools property defaults active! Set 'spring.devtools.add-properties' to 'false' to disable
2021-06-25 18:09:56.417  INFO 9199 --- [restartedMain] .e.DevToolsPropertyDefaultsPostProcessor : For additional web related logging consider setting the 'logging.level.web' property to 'DEBUG'
2021-06-25 18:10:02.066  INFO 9199 --- [restartedMain] o.s.b.w.e.t.TomcatWebServer              : Tomcat initialized with port(s): 8090 (http)
2021-06-25 18:10:02.134  INFO 9199 --- [restartedMain] o.a.c.c.StandardService                  : Starting service [Tomcat]
2021-06-25 18:10:02.136  INFO 9199 --- [restartedMain] o.a.c.c.StandardEngine                   : Starting Servlet engine: [Apache Tomcat/9.0.46]
2021-06-25 18:10:02.551  INFO 9199 --- [restartedMain] o.a.c.c.C.[.[.[/]                        : Initializing Spring embedded WebApplicationContext
2021-06-25 18:10:02.553  INFO 9199 --- [restartedMain] w.s.c.ServletWebServerApplicationContext : Root WebApplicationContext: initialization completed in 6131 ms
2021-06-25 18:10:04.123 DEBUG 9199 --- [restartedMain] s.w.s.m.m.a.RequestMappingHandlerAdapter : ControllerAdvice beans: 0 @ModelAttribute, 0 @InitBinder, 1 RequestBodyAdvice, 1 ResponseBodyAdvice
2021-06-25 18:10:04.520 DEBUG 9199 --- [restartedMain] s.w.s.m.m.a.RequestMappingHandlerMapping : 5 mappings in 'requestMappingHandlerMapping'
2021-06-25 18:10:04.700 DEBUG 9199 --- [restartedMain] o.s.w.s.h.SimpleUrlHandlerMapping        : Patterns [/webjars/**, /**] in 'resourceHandlerMapping'
2021-06-25 18:10:04.778 DEBUG 9199 --- [restartedMain] .m.m.a.ExceptionHandlerExceptionResolver : ControllerAdvice beans: 1 @ExceptionHandler, 1 ResponseBodyAdvice
2021-06-25 18:10:05.322  INFO 9199 --- [restartedMain] o.s.b.d.a.OptionalLiveReloadServer       : LiveReload server is running on port 35729
2021-06-25 18:10:05.602  INFO 9199 --- [restartedMain] o.s.b.w.e.t.TomcatWebServer              : Tomcat started on port(s): 8090 (http) with context path ''
2021-06-25 18:10:05.717  INFO 9199 --- [restartedMain] c.i.u.UploadExample2Application          : Started UploadExample2Application in 12.733 seconds (JVM running for 18.774)
2021-06-25 18:10:05.765  INFO 9199 --- [restartedMain] o.s.b.a.ApplicationAvailabilityBean      : Application availability state LivenessState changed to CORRECT
2021-06-25 18:10:05.794  INFO 9199 --- [restartedMain] o.s.b.a.ApplicationAvailabilityBean      : Application availability state ReadinessState changed to ACCEPTING_TRAFFIC
2021-06-25 18:13:06.885  INFO 9199 --- [RMI TCP Connection(8)-127.0.0.1] inMXBeanRegistrar$SpringApplicationAdmin : Application shutdown requested.
2021-06-25 18:13:06.892  INFO 9199 --- [RMI TCP Connection(8)-127.0.0.1] o.s.b.a.ApplicationAvailabilityBean      : Application availability state ReadinessState changed from ACCEPTING_TRAFFIC to REFUSING_TRAFFIC
2021-06-25 18:14:51.720  INFO 9642 --- [restartedMain] c.i.u.UploadExample2Application          : Starting UploadExample2Application using Java 15.0.2 on montekrista-Vostro-15-3568 with PID 9642 (/home/montekrista/Documents/workspace-spring-tool-suite-4-4.10.0.RELEASE/upload_example-2/target/classes started by montekrista in /home/montekrista/Documents/workspace-spring-tool-suite-4-4.10.0.RELEASE/upload_example-2)
2021-06-25 18:14:51.843  INFO 9642 --- [restartedMain] c.i.u.UploadExample2Application          : No active profile set, falling back to default profiles: default
2021-06-25 18:14:52.512  INFO 9642 --- [restartedMain] .e.DevToolsPropertyDefaultsPostProcessor : Devtools property defaults active! Set 'spring.devtools.add-properties' to 'false' to disable
2021-06-25 18:14:52.518  INFO 9642 --- [restartedMain] .e.DevToolsPropertyDefaultsPostProcessor : For additional web related logging consider setting the 'logging.level.web' property to 'DEBUG'
2021-06-25 18:14:58.071  INFO 9642 --- [restartedMain] o.s.b.w.e.t.TomcatWebServer              : Tomcat initialized with port(s): 8090 (http)
2021-06-25 18:14:58.122  INFO 9642 --- [restartedMain] o.a.c.c.StandardService                  : Starting service [Tomcat]
2021-06-25 18:14:58.122  INFO 9642 --- [restartedMain] o.a.c.c.StandardEngine                   : Starting Servlet engine: [Apache Tomcat/9.0.46]
2021-06-25 18:14:58.373  INFO 9642 --- [restartedMain] o.a.c.c.C.[.[.[/]                        : Initializing Spring embedded WebApplicationContext
2021-06-25 18:14:58.374  INFO 9642 --- [restartedMain] w.s.c.ServletWebServerApplicationContext : Root WebApplicationContext: initialization completed in 5852 ms
2021-06-25 18:14:59.831 DEBUG 9642 --- [restartedMain] s.w.s.m.m.a.RequestMappingHandlerAdapter : ControllerAdvice beans: 0 @ModelAttribute, 0 @InitBinder, 1 RequestBodyAdvice, 1 ResponseBodyAdvice
2021-06-25 18:15:00.300 DEBUG 9642 --- [restartedMain] s.w.s.m.m.a.RequestMappingHandlerMapping : 5 mappings in 'requestMappingHandlerMapping'
2021-06-25 18:15:00.457 DEBUG 9642 --- [restartedMain] o.s.w.s.h.SimpleUrlHandlerMapping        : Patterns [/webjars/**, /**] in 'resourceHandlerMapping'
2021-06-25 18:15:00.565 DEBUG 9642 --- [restartedMain] .m.m.a.ExceptionHandlerExceptionResolver : ControllerAdvice beans: 1 @ExceptionHandler, 1 ResponseBodyAdvice
2021-06-25 18:15:01.303  INFO 9642 --- [restartedMain] o.s.b.d.a.OptionalLiveReloadServer       : LiveReload server is running on port 35729
2021-06-25 18:15:01.481  INFO 9642 --- [restartedMain] o.s.b.w.e.t.TomcatWebServer              : Tomcat started on port(s): 8090 (http) with context path ''
2021-06-25 18:15:01.524  INFO 9642 --- [restartedMain] c.i.u.UploadExample2Application          : Started UploadExample2Application in 13.479 seconds (JVM running for 18.737)
2021-06-25 18:15:01.534  INFO 9642 --- [restartedMain] o.s.b.a.ApplicationAvailabilityBean      : Application availability state LivenessState changed to CORRECT
2021-06-25 18:15:01.550  INFO 9642 --- [restartedMain] o.s.b.a.ApplicationAvailabilityBean      : Application availability state ReadinessState changed to ACCEPTING_TRAFFIC
2021-06-25 18:15:18.220  INFO 9642 --- [RMI TCP Connection(2)-127.0.0.1] inMXBeanRegistrar$SpringApplicationAdmin : Application shutdown requested.
2021-06-25 18:15:18.223  INFO 9642 --- [RMI TCP Connection(2)-127.0.0.1] o.s.b.a.ApplicationAvailabilityBean      : Application availability state ReadinessState changed from ACCEPTING_TRAFFIC to REFUSING_TRAFFIC
2021-07-19 23:11:24.042  INFO 22580 --- [restartedMain] c.i.u.UploadExample2Application          : Starting UploadExample2Application using Java 15.0.2 on montekrista-Vostro-15-3568 with PID 22580 (/home/montekrista/Documents/workspace-spring-tool-suite-4-4.10.0.RELEASE/upload_example-2/target/classes started by montekrista in /home/montekrista/Documents/workspace-spring-tool-suite-4-4.10.0.RELEASE/upload_example-2)
2021-07-19 23:11:24.048  INFO 22580 --- [restartedMain] c.i.u.UploadExample2Application          : No active profile set, falling back to default profiles: default
2021-07-19 23:11:24.095  INFO 22580 --- [restartedMain] .e.DevToolsPropertyDefaultsPostProcessor : Devtools property defaults active! Set 'spring.devtools.add-properties' to 'false' to disable
2021-07-19 23:11:24.095  INFO 22580 --- [restartedMain] .e.DevToolsPropertyDefaultsPostProcessor : For additional web related logging consider setting the 'logging.level.web' property to 'DEBUG'
2021-07-19 23:11:24.898  INFO 22580 --- [restartedMain] o.s.b.w.e.t.TomcatWebServer              : Tomcat initialized with port(s): 8090 (http)
2021-07-19 23:11:24.916  INFO 22580 --- [restartedMain] o.a.c.c.StandardService                  : Starting service [Tomcat]
2021-07-19 23:11:24.918  INFO 22580 --- [restartedMain] o.a.c.c.StandardEngine                   : Starting Servlet engine: [Apache Tomcat/9.0.46]
2021-07-19 23:11:24.975  INFO 22580 --- [restartedMain] o.a.c.c.C.[.[.[/]                        : Initializing Spring embedded WebApplicationContext
2021-07-19 23:11:24.976  INFO 22580 --- [restartedMain] w.s.c.ServletWebServerApplicationContext : Root WebApplicationContext: initialization completed in 881 ms
2021-07-19 23:11:25.141 DEBUG 22580 --- [restartedMain] s.w.s.m.m.a.RequestMappingHandlerAdapter : ControllerAdvice beans: 0 @ModelAttribute, 0 @InitBinder, 1 RequestBodyAdvice, 1 ResponseBodyAdvice
2021-07-19 23:11:25.193 DEBUG 22580 --- [restartedMain] s.w.s.m.m.a.RequestMappingHandlerMapping : 5 mappings in 'requestMappingHandlerMapping'
2021-07-19 23:11:25.214 DEBUG 22580 --- [restartedMain] o.s.w.s.h.SimpleUrlHandlerMapping        : Patterns [/webjars/**, /**] in 'resourceHandlerMapping'
2021-07-19 23:11:25.225 DEBUG 22580 --- [restartedMain] .m.m.a.ExceptionHandlerExceptionResolver : ControllerAdvice beans: 1 @ExceptionHandler, 1 ResponseBodyAdvice
2021-07-19 23:11:25.311  INFO 22580 --- [restartedMain] o.s.b.d.a.OptionalLiveReloadServer       : LiveReload server is running on port 35729
2021-07-19 23:11:25.340  INFO 22580 --- [restartedMain] o.s.b.w.e.t.TomcatWebServer              : Tomcat started on port(s): 8090 (http) with context path ''
2021-07-19 23:11:25.348  INFO 22580 --- [restartedMain] c.i.u.UploadExample2Application          : Started UploadExample2Application in 1.686 seconds (JVM running for 2.623)
2021-07-19 23:11:25.351  INFO 22580 --- [restartedMain] o.s.b.a.ApplicationAvailabilityBean      : Application availability state LivenessState changed to CORRECT
2021-07-19 23:11:25.355  INFO 22580 --- [restartedMain] o.s.b.a.ApplicationAvailabilityBean      : Application availability state ReadinessState changed to ACCEPTING_TRAFFIC
2021-07-19 23:21:45.659  INFO 22580 --- [Thread-6] o.s.b.a.ApplicationAvailabilityBean      : Application availability state ReadinessState changed from ACCEPTING_TRAFFIC to REFUSING_TRAFFIC
2021-07-19 23:21:45.816  INFO 22580 --- [restartedMain] c.i.u.UploadExample2Application          : Starting UploadExample2Application using Java 15.0.2 on montekrista-Vostro-15-3568 with PID 22580 (/home/montekrista/Documents/workspace-spring-tool-suite-4-4.10.0.RELEASE/upload_example-2/target/classes started by montekrista in /home/montekrista/Documents/workspace-spring-tool-suite-4-4.10.0.RELEASE/upload_example-2)
2021-07-19 23:21:45.817  INFO 22580 --- [restartedMain] c.i.u.UploadExample2Application          : No active profile set, falling back to default profiles: default
2021-07-19 23:21:46.054  INFO 22580 --- [restartedMain] o.s.b.w.e.t.TomcatWebServer              : Tomcat initialized with port(s): 8090 (http)
2021-07-19 23:21:46.056  INFO 22580 --- [restartedMain] o.a.c.c.StandardService                  : Starting service [Tomcat]
2021-07-19 23:21:46.058  INFO 22580 --- [restartedMain] o.a.c.c.StandardEngine                   : Starting Servlet engine: [Apache Tomcat/9.0.46]
2021-07-19 23:21:46.066  INFO 22580 --- [restartedMain] o.a.c.c.C.[.[.[/]                        : Initializing Spring embedded WebApplicationContext
2021-07-19 23:21:46.067  INFO 22580 --- [restartedMain] w.s.c.ServletWebServerApplicationContext : Root WebApplicationContext: initialization completed in 248 ms
2021-07-19 23:21:46.131 DEBUG 22580 --- [restartedMain] s.w.s.m.m.a.RequestMappingHandlerAdapter : ControllerAdvice beans: 0 @ModelAttribute, 0 @InitBinder, 1 RequestBodyAdvice, 1 ResponseBodyAdvice
2021-07-19 23:21:46.140 DEBUG 22580 --- [restartedMain] s.w.s.m.m.a.RequestMappingHandlerMapping : 5 mappings in 'requestMappingHandlerMapping'
2021-07-19 23:21:46.151 DEBUG 22580 --- [restartedMain] o.s.w.s.h.SimpleUrlHandlerMapping        : Patterns [/webjars/**, /**] in 'resourceHandlerMapping'
2021-07-19 23:21:46.159 DEBUG 22580 --- [restartedMain] .m.m.a.ExceptionHandlerExceptionResolver : ControllerAdvice beans: 1 @ExceptionHandler, 1 ResponseBodyAdvice
2021-07-19 23:21:46.198  INFO 22580 --- [restartedMain] o.s.b.d.a.OptionalLiveReloadServer       : LiveReload server is running on port 35729
2021-07-19 23:21:46.220  INFO 22580 --- [restartedMain] o.s.b.w.e.t.TomcatWebServer              : Tomcat started on port(s): 8090 (http) with context path ''
2021-07-19 23:21:46.228  INFO 22580 --- [restartedMain] c.i.u.UploadExample2Application          : Started UploadExample2Application in 0.477 seconds (JVM running for 623.503)
2021-07-19 23:21:46.228  INFO 22580 --- [restartedMain] o.s.b.a.ApplicationAvailabilityBean      : Application availability state LivenessState changed to CORRECT
2021-07-19 23:21:46.230  INFO 22580 --- [restartedMain] .ConditionEvaluationDeltaLoggingListener : Condition evaluation unchanged
2021-07-19 23:21:46.231  INFO 22580 --- [restartedMain] o.s.b.a.ApplicationAvailabilityBean      : Application availability state ReadinessState changed to ACCEPTING_TRAFFIC
2021-07-19 23:39:45.702  INFO 22580 --- [RMI TCP Connection(33)-127.0.0.1] inMXBeanRegistrar$SpringApplicationAdmin : Application shutdown requested.
2021-07-19 23:39:45.702  INFO 22580 --- [RMI TCP Connection(33)-127.0.0.1] o.s.b.a.ApplicationAvailabilityBean      : Application availability state ReadinessState changed from ACCEPTING_TRAFFIC to REFUSING_TRAFFIC
2021-07-20 14:40:35.685  INFO 12272 --- [restartedMain] c.i.u.UploadExample2Application          : Starting UploadExample2Application using Java 15.0.2 on montekrista-Vostro-15-3568 with PID 12272 (/home/montekrista/Documents/workspace-spring-tool-suite-4-4.10.0.RELEASE/upload_example-2/target/classes started by montekrista in /home/montekrista/Documents/workspace-spring-tool-suite-4-4.10.0.RELEASE/upload_example-2)
2021-07-20 14:40:35.691  INFO 12272 --- [restartedMain] c.i.u.UploadExample2Application          : No active profile set, falling back to default profiles: default
2021-07-20 14:40:35.716  INFO 12272 --- [restartedMain] .e.DevToolsPropertyDefaultsPostProcessor : Devtools property defaults active! Set 'spring.devtools.add-properties' to 'false' to disable
2021-07-20 14:40:35.717  INFO 12272 --- [restartedMain] .e.DevToolsPropertyDefaultsPostProcessor : For additional web related logging consider setting the 'logging.level.web' property to 'DEBUG'
2021-07-20 14:40:36.276  INFO 12272 --- [restartedMain] o.s.b.w.e.t.TomcatWebServer              : Tomcat initialized with port(s): 8090 (http)
2021-07-20 14:40:36.287  INFO 12272 --- [restartedMain] o.a.c.c.StandardService                  : Starting service [Tomcat]
2021-07-20 14:40:36.287  INFO 12272 --- [restartedMain] o.a.c.c.StandardEngine                   : Starting Servlet engine: [Apache Tomcat/9.0.46]
2021-07-20 14:40:36.327  INFO 12272 --- [restartedMain] o.a.c.c.C.[.[.[/]                        : Initializing Spring embedded WebApplicationContext
2021-07-20 14:40:36.328  INFO 12272 --- [restartedMain] w.s.c.ServletWebServerApplicationContext : Root WebApplicationContext: initialization completed in 611 ms
2021-07-20 14:40:36.456 DEBUG 12272 --- [restartedMain] s.w.s.m.m.a.RequestMappingHandlerAdapter : ControllerAdvice beans: 0 @ModelAttribute, 0 @InitBinder, 1 RequestBodyAdvice, 1 ResponseBodyAdvice
2021-07-20 14:40:36.508 DEBUG 12272 --- [restartedMain] s.w.s.m.m.a.RequestMappingHandlerMapping : 5 mappings in 'requestMappingHandlerMapping'
2021-07-20 14:40:36.530 DEBUG 12272 --- [restartedMain] o.s.w.s.h.SimpleUrlHandlerMapping        : Patterns [/webjars/**, /**] in 'resourceHandlerMapping'
2021-07-20 14:40:36.535 DEBUG 12272 --- [restartedMain] .m.m.a.ExceptionHandlerExceptionResolver : ControllerAdvice beans: 1 @ExceptionHandler, 1 ResponseBodyAdvice
2021-07-20 14:40:36.618  INFO 12272 --- [restartedMain] o.s.b.d.a.OptionalLiveReloadServer       : LiveReload server is running on port 35729
2021-07-20 14:40:36.649  INFO 12272 --- [restartedMain] o.s.b.w.e.t.TomcatWebServer              : Tomcat started on port(s): 8090 (http) with context path ''
2021-07-20 14:40:36.661  INFO 12272 --- [restartedMain] c.i.u.UploadExample2Application          : Started UploadExample2Application in 1.355 seconds (JVM running for 2.232)
2021-07-20 14:40:36.662  INFO 12272 --- [restartedMain] o.s.b.a.ApplicationAvailabilityBean      : Application availability state LivenessState changed to CORRECT
2021-07-20 14:40:36.664  INFO 12272 --- [restartedMain] o.s.b.a.ApplicationAvailabilityBean      : Application availability state ReadinessState changed to ACCEPTING_TRAFFIC
2021-07-20 14:40:39.782  INFO 12272 --- [RMI TCP Connection(2)-127.0.0.1] inMXBeanRegistrar$SpringApplicationAdmin : Application shutdown requested.
2021-07-20 14:40:39.782  INFO 12272 --- [RMI TCP Connection(2)-127.0.0.1] o.s.b.a.ApplicationAvailabilityBean      : Application availability state ReadinessState changed from ACCEPTING_TRAFFIC to REFUSING_TRAFFIC
